<?xml version="1.0" encoding="UTF-8"?>
<!-- Generated by org.testng.reporters.JUnitXMLReporter -->
<testsuite hostname="DESKTOP-0EBL5RT" ignored="2" name="Default test(failed)" tests="2" failures="0" timestamp="30 Mar 2023 04:03:44 GMT" time="0.046" errors="0">
  <testcase name="clas3" time="0.01" classname="org.manual.Manualhand"/>
  <testcase name="clas1" time="0.002" classname="org.manual.Manualhand"/>
  <testcase name="clas4" time="0.0" classname="org.manual.Manualhand">
    <ignored/>
  </testcase> <!-- clas4 -->
  <testcase name="clas2" time="0.0" classname="org.manual.Manualhand">
    <ignored/>
  </testcase> <!-- clas2 -->
</testsuite> <!-- Default test(failed) -->
