<?xml version="1.0" encoding="UTF-8"?>
<!-- Generated by org.testng.reporters.JUnitXMLReporter -->
<testsuite hostname="DESKTOP-0EBL5RT" ignored="3" name="Default test(failed)(failed)(failed)(failed)" tests="1" failures="1" timestamp="30 Mar 2023 03:50:38 GMT" time="0.041" errors="0">
  <testcase name="clas1" time="0.011" classname="org.manual.Manualhand">
    <failure type="java.lang.ArithmeticException" message="/ by zero">
      <![CDATA[java.lang.ArithmeticException: / by zero
at org.manual.Manualhand.clas1(Manualhand.java:12)
... Removed 25 stack frames]]>
    </failure>
  </testcase> <!-- clas1 -->
  <testcase name="clas4" time="0.0" classname="org.manual.Manualhand">
    <ignored/>
  </testcase> <!-- clas4 -->
  <testcase name="clas3" time="0.0" classname="org.manual.Manualhand">
    <ignored/>
  </testcase> <!-- clas3 -->
  <testcase name="clas2" time="0.0" classname="org.manual.Manualhand">
    <ignored/>
  </testcase> <!-- clas2 -->
</testsuite> <!-- Default test(failed)(failed)(failed)(failed) -->
