<?xml version="1.0" encoding="UTF-8"?>
<!-- Generated by org.testng.reporters.JUnitXMLReporter -->
<testsuite hostname="DESKTOP-0EBL5RT" ignored="3" name="Default test(failed)(failed)(failed)(failed)(failed)" tests="1" failures="0" timestamp="30 Mar 2023 03:54:01 GMT" time="0.046" errors="0">
  <testcase name="clas1" time="0.011" classname="org.manual.Manualhand"/>
  <testcase name="clas4" time="0.0" classname="org.manual.Manualhand">
    <ignored/>
  </testcase> <!-- clas4 -->
  <testcase name="clas3" time="0.0" classname="org.manual.Manualhand">
    <ignored/>
  </testcase> <!-- clas3 -->
  <testcase name="clas2" time="0.0" classname="org.manual.Manualhand">
    <ignored/>
  </testcase> <!-- clas2 -->
</testsuite> <!-- Default test(failed)(failed)(failed)(failed)(failed) -->
