<?xml version="1.0" encoding="UTF-8"?>
<testng-results skipped="0" failed="0" ignored="0" total="1" passed="1">
  <reporter-output>
  </reporter-output>
  <suite name="Suite" duration-ms="89666" started-at="2023-04-08T04:15:44Z" finished-at="2023-04-08T04:17:14Z">
    <groups>
    </groups>
    <test name="Test" duration-ms="89666" started-at="2023-04-08T04:15:44Z" finished-at="2023-04-08T04:17:14Z">
      <class name="com.enable.Fbparameter">
        <test-method status="PASS" signature="launch(java.lang.String, java.lang.String)[pri:0, instance:com.enable.Fbparameter@78c03f1f]" name="launch" duration-ms="89623" started-at="2023-04-08T04:15:45Z" finished-at="2023-04-08T04:17:14Z">
          <params>
            <param index="0">
              <value>
                <![CDATA[1234]]>
              </value>
            </param>
            <param index="1">
              <value>
                <![CDATA[yugesh]]>
              </value>
            </param>
          </params>
          <reporter-output>
          </reporter-output>
        </test-method> <!-- launch -->
      </class> <!-- com.enable.Fbparameter -->
    </test> <!-- Test -->
  </suite> <!-- Suite -->
</testng-results>
